<?xml version="1.0" encoding="UTF-8"?>
<!-- Generated by org.testng.reporters.JUnitReportReporter -->
<testsuite hostname="DESKTOP-E771N59" failures="0" tests="1" name="api.utilities.ExcelUtility" time="0.969" errors="0" timestamp="2025-03-18T14:50:43 IST" skipped="0">
  <testcase classname="api.utilities.ExcelUtility" name="demo" time="0.969"/>
</testsuite> <!-- api.utilities.ExcelUtility -->
