<?xml version="1.0" encoding="UTF-8"?>
<!-- Generated by org.testng.reporters.JUnitReportReporter -->
<testsuite hostname="DESKTOP-E771N59" failures="0" tests="6" name="api.test.DDStoreTests" time="18.202" errors="0" timestamp="2025-03-19T14:41:51 IST" skipped="0">
  <testcase classname="api.test.DDStoreTests" name="testPostUser" time="2.513"/>
  <testcase classname="api.test.DDStoreTests" name="testPostUser" time="4.528"/>
  <testcase classname="api.test.DDStoreTests" name="testPostUser" time="2.686"/>
  <testcase classname="api.test.DDStoreTests" name="testDeleteOrderByOrderId" time="2.250"/>
  <testcase classname="api.test.DDStoreTests" name="testDeleteOrderByOrderId" time="2.964"/>
  <testcase classname="api.test.DDStoreTests" name="testDeleteOrderByOrderId" time="3.261"/>
</testsuite> <!-- api.test.DDStoreTests -->
