<?xml version="1.0" encoding="UTF-8"?>
<!-- Generated by org.testng.reporters.JUnitReportReporter -->
<testsuite hostname="DESKTOP-E771N59" failures="0" tests="2" name="api.test.UserTests" time="7.750" errors="0" timestamp="2025-03-17T23:02:32 IST" skipped="0">
  <testcase classname="api.test.UserTests" name="testPostUser" time="5.229"/>
  <testcase classname="api.test.UserTests" name="testGetUserByName" time="2.521"/>
</testsuite> <!-- api.test.UserTests -->
