<?xml version="1.0" encoding="UTF-8"?>
<!-- Generated by org.testng.reporters.JUnitReportReporter -->
<testsuite hostname="DESKTOP-E771N59" failures="0" tests="3" name="api.test.DDTests" time="10.582" errors="0" timestamp="2025-03-18T19:55:54 IST" skipped="0">
  <testcase classname="api.test.DDTests" name="testPostUser" time="5.839"/>
  <testcase classname="api.test.DDTests" name="testPostUser" time="3.009"/>
  <testcase classname="api.test.DDTests" name="testPostUser" time="1.734"/>
</testsuite> <!-- api.test.DDTests -->
