<?xml version="1.0" encoding="UTF-8"?>
<!-- Generated by org.testng.reporters.JUnitReportReporter -->
<testsuite hostname="DESKTOP-E771N59" failures="0" tests="3" name="api.test.StoreTests2" time="10.584" errors="0" timestamp="2025-03-20T15:45:55 IST" skipped="0">
  <testcase classname="api.test.StoreTests2" name="testPostOrder" time="5.379"/>
  <testcase classname="api.test.StoreTests2" name="testGetOrderById" time="2.830"/>
  <testcase classname="api.test.StoreTests2" name="testDeleteOrderById" time="2.375"/>
</testsuite> <!-- api.test.StoreTests2 -->
