<?xml version="1.0" encoding="UTF-8"?>
<!-- Generated by org.testng.reporters.JUnitReportReporter -->
<testsuite hostname="DESKTOP-E771N59" failures="0" tests="3" name="api.test.StoreTests" time="10.118" errors="0" timestamp="2025-03-19T15:39:08 IST" skipped="0">
  <testcase classname="api.test.StoreTests" name="testPostOrder" time="4.429"/>
  <testcase classname="api.test.StoreTests" name="testGetOrderById" time="3.305"/>
  <testcase classname="api.test.StoreTests" name="testDeleteOrderById" time="2.384"/>
</testsuite> <!-- api.test.StoreTests -->
