<?xml version="1.0" encoding="UTF-8"?>
<!-- Generated by org.testng.reporters.JUnitReportReporter -->
<testsuite hostname="DESKTOP-E771N59" failures="0" tests="3" name="api.test.StoreTests2" time="10.133" errors="0" timestamp="2025-03-20T12:07:27 IST" skipped="0">
  <testcase classname="api.test.StoreTests2" name="testPostOrder" time="6.150"/>
  <testcase classname="api.test.StoreTests2" name="testGetOrderById" time="1.580"/>
  <testcase classname="api.test.StoreTests2" name="testDeleteOrderById" time="2.403"/>
</testsuite> <!-- api.test.StoreTests2 -->
