<?xml version="1.0" encoding="UTF-8"?>
<!-- Generated by org.testng.reporters.JUnitReportReporter -->
<testsuite hostname="DESKTOP-E771N59" failures="0" tests="6" name="api.test.DDStoreTests" time="13.179" errors="0" timestamp="2025-03-19T15:39:08 IST" skipped="0">
  <testcase classname="api.test.DDStoreTests" name="testPostUser" time="1.929"/>
  <testcase classname="api.test.DDStoreTests" name="testPostUser" time="1.539"/>
  <testcase classname="api.test.DDStoreTests" name="testPostUser" time="4.461"/>
  <testcase classname="api.test.DDStoreTests" name="testDeleteOrderByOrderId" time="1.971"/>
  <testcase classname="api.test.DDStoreTests" name="testDeleteOrderByOrderId" time="1.633"/>
  <testcase classname="api.test.DDStoreTests" name="testDeleteOrderByOrderId" time="1.646"/>
</testsuite> <!-- api.test.DDStoreTests -->
